<?xml version="1.0" encoding="UTF-8"?>
<!-- Generated by org.testng.reporters.JUnitReportReporter -->
<testsuite hostname="BHI-L0167.local" name="org.amazon.testcases.TC002_ValidateSearch" tests="1" failures="0" timestamp="13 Aug 2020 15:30:33 GMT" time="72.232" errors="0">
  <testcase name="ValidateSearch" time="72.232" classname="org.amazon.testcases.TC002_ValidateSearch"/>
</testsuite> <!-- org.amazon.testcases.TC002_ValidateSearch -->
