<?xml version="1.0" encoding="UTF-8"?>
<!-- Generated by org.testng.reporters.JUnitReportReporter -->
<testsuite hostname="BHI-L0167.local" name="org.amazon.testcases.TC001_ValidateLogin" tests="1" failures="0" timestamp="13 Aug 2020 02:15:31 GMT" time="53.644" errors="1">
  <testcase name="testlogin" time="53.644" classname="org.amazon.testcases.TC001_ValidateLogin">
    <error type="org.openqa.selenium.WebDriverException" message="An unknown server-side error occurred while processing the command. Original error: Could not proxy command to remote server. Original error: Error: socket hang up (WARNING: The server did not provide any stacktrace information)
Command duration or timeout: 15.23 seconds
Build info: version: &#039;3.3.1&#039;, revision: &#039;5234b325d5&#039;, time: &#039;2017-03-10 09:10:29 +0000&#039;
System info: host: &#039;BHI-L0167.local&#039;, ip: &#039;2402:3a80:1e96:2463:853d:6b68:c254:222c%en0&#039;, os.name: &#039;Mac OS X&#039;, os.arch: &#039;x86_64&#039;, os.version: &#039;10.15.5&#039;, java.version: &#039;1.8.0_241&#039;
Driver info: io.appium.java_client.android.AndroidDriver
Capabilities [{appPackage=com.amazon.mShop.android.shopping, statBarHeight=54, noReset=true, viewportRect={top=54, left=0, width=720, height=1328}, deviceName=RZ8M411PQYA, fullReset=false, platform=ANDROID, deviceUDID=RZ8M411PQYA, desired={appPackage=com.amazon.mShop.android.shopping, appActivity=com.amazon.mShop.splashscreen.StartupActivity, noReset=true, automationName=UiAutomator2, appWaitPackage=com.amazon.mShop.android.shopping, unicodeKeyboard=true, platformName=Android, deviceName=Android, fullReset=false, platform=ANDROID, resetKeyboard=true}, platformVersion=9, webStorageEnabled=false, automationName=UiAutomator2, takesScreenshot=true, javascriptEnabled=true, unicodeKeyboard=true, platformName=Android, deviceApiLevel=28, deviceManufacturer=samsung, resetKeyboard=true, deviceScreenSize=720x1520, networkConnectionEnabled=true, warnings={}, appWaitPackage=com.amazon.mShop.android.shopping, databaseEnabled=false, appActivity=com.amazon.mShop.splashscreen.StartupActivity, pixelRatio=1.75, locationContextEnabled=false, deviceScreenDensity=280, deviceModel=SM-A105F}]
Session ID: 8b5e833c-9e98-4215-a016-23a4d03c7217
*** Element info: {Using=xpath, value=//android.widget.EditText[@resource-id=&#039;ap_email_login&#039;]}">
      <![CDATA[org.openqa.selenium.WebDriverException: An unknown server-side error occurred while processing the command. Original error: Could not proxy command to remote server. Original error: Error: socket hang up (WARNING: The server did not provide any stacktrace information)
Command duration or timeout: 15.23 seconds
Build info: version: '3.3.1', revision: '5234b325d5', time: '2017-03-10 09:10:29 +0000'
System info: host: 'BHI-L0167.local', ip: '2402:3a80:1e96:2463:853d:6b68:c254:222c%en0', os.name: 'Mac OS X', os.arch: 'x86_64', os.version: '10.15.5', java.version: '1.8.0_241'
Driver info: io.appium.java_client.android.AndroidDriver
Capabilities [{appPackage=com.amazon.mShop.android.shopping, statBarHeight=54, noReset=true, viewportRect={top=54, left=0, width=720, height=1328}, deviceName=RZ8M411PQYA, fullReset=false, platform=ANDROID, deviceUDID=RZ8M411PQYA, desired={appPackage=com.amazon.mShop.android.shopping, appActivity=com.amazon.mShop.splashscreen.StartupActivity, noReset=true, automationName=UiAutomator2, appWaitPackage=com.amazon.mShop.android.shopping, unicodeKeyboard=true, platformName=Android, deviceName=Android, fullReset=false, platform=ANDROID, resetKeyboard=true}, platformVersion=9, webStorageEnabled=false, automationName=UiAutomator2, takesScreenshot=true, javascriptEnabled=true, unicodeKeyboard=true, platformName=Android, deviceApiLevel=28, deviceManufacturer=samsung, resetKeyboard=true, deviceScreenSize=720x1520, networkConnectionEnabled=true, warnings={}, appWaitPackage=com.amazon.mShop.android.shopping, databaseEnabled=false, appActivity=com.amazon.mShop.splashscreen.StartupActivity, pixelRatio=1.75, locationContextEnabled=false, deviceScreenDensity=280, deviceModel=SM-A105F}]
Session ID: 8b5e833c-9e98-4215-a016-23a4d03c7217
*** Element info: {Using=xpath, value=//android.widget.EditText[@resource-id='ap_email_login']}
	at sun.reflect.NativeConstructorAccessorImpl.newInstance0(Native Method)
	at sun.reflect.NativeConstructorAccessorImpl.newInstance(NativeConstructorAccessorImpl.java:62)
	at sun.reflect.DelegatingConstructorAccessorImpl.newInstance(DelegatingConstructorAccessorImpl.java:45)
	at java.lang.reflect.Constructor.newInstance(Constructor.java:423)
	at org.openqa.selenium.remote.ErrorHandler.createThrowable(ErrorHandler.java:216)
	at org.openqa.selenium.remote.ErrorHandler.throwIfResponseFailed(ErrorHandler.java:168)
	at org.openqa.selenium.remote.RemoteWebDriver.execute(RemoteWebDriver.java:638)
	at io.appium.java_client.DefaultGenericMobileDriver.execute(DefaultGenericMobileDriver.java:42)
	at io.appium.java_client.AppiumDriver.execute(AppiumDriver.java:1)
	at io.appium.java_client.android.AndroidDriver.execute(AndroidDriver.java:1)
	at org.openqa.selenium.remote.RemoteWebDriver.findElement(RemoteWebDriver.java:371)
	at io.appium.java_client.DefaultGenericMobileDriver.findElement(DefaultGenericMobileDriver.java:62)
	at io.appium.java_client.AppiumDriver.findElement(AppiumDriver.java:1)
	at io.appium.java_client.android.AndroidDriver.findElement(AndroidDriver.java:1)
	at org.openqa.selenium.remote.RemoteWebDriver.findElementByXPath(RemoteWebDriver.java:476)
	at io.appium.java_client.DefaultGenericMobileDriver.findElementByXPath(DefaultGenericMobileDriver.java:140)
	at io.appium.java_client.AppiumDriver.findElementByXPath(AppiumDriver.java:1)
	at io.appium.java_client.android.AndroidDriver.findElementByXPath(AndroidDriver.java:1)
	at org.openqa.selenium.By$ByXPath.findElement(By.java:361)
	at org.openqa.selenium.remote.RemoteWebDriver.findElement(RemoteWebDriver.java:363)
	at io.appium.java_client.DefaultGenericMobileDriver.findElement(DefaultGenericMobileDriver.java:58)
	at io.appium.java_client.AppiumDriver.findElement(AppiumDriver.java:1)
	at io.appium.java_client.android.AndroidDriver.findElement(AndroidDriver.java:1)
	at org.amazon.commonfunctions.DriverActions.enterValue(DriverActions.java:29)
	at org.amazon.pages.LoginPage.enterNumberEmail(LoginPage.java:17)
	at org.amazon.testcases.TC001_ValidateLogin.testlogin(TC001_ValidateLogin.java:25)
	at sun.reflect.NativeMethodAccessorImpl.invoke0(Native Method)
	at sun.reflect.NativeMethodAccessorImpl.invoke(NativeMethodAccessorImpl.java:62)
	at sun.reflect.DelegatingMethodAccessorImpl.invoke(DelegatingMethodAccessorImpl.java:43)
	at java.lang.reflect.Method.invoke(Method.java:498)
	at org.testng.internal.MethodInvocationHelper.invokeMethod(MethodInvocationHelper.java:86)
	at org.testng.internal.Invoker.invokeMethod(Invoker.java:643)
	at org.testng.internal.Invoker.invokeTestMethod(Invoker.java:820)
	at org.testng.internal.Invoker.invokeTestMethods(Invoker.java:1128)
	at org.testng.internal.TestMethodWorker.invokeTestMethods(TestMethodWorker.java:129)
	at org.testng.internal.TestMethodWorker.run(TestMethodWorker.java:112)
	at org.testng.TestRunner.privateRun(TestRunner.java:782)
	at org.testng.TestRunner.run(TestRunner.java:632)
	at org.testng.SuiteRunner.runTest(SuiteRunner.java:366)
	at org.testng.SuiteRunner.runSequentially(SuiteRunner.java:361)
	at org.testng.SuiteRunner.privateRun(SuiteRunner.java:319)
	at org.testng.SuiteRunner.run(SuiteRunner.java:268)
	at org.testng.SuiteRunnerWorker.runSuite(SuiteRunnerWorker.java:52)
	at org.testng.SuiteRunnerWorker.run(SuiteRunnerWorker.java:86)
	at org.testng.TestNG.runSuitesSequentially(TestNG.java:1244)
	at org.testng.TestNG.runSuitesLocally(TestNG.java:1169)
	at org.testng.TestNG.run(TestNG.java:1064)
	at org.testng.remote.AbstractRemoteTestNG.run(AbstractRemoteTestNG.java:132)
	at org.testng.remote.RemoteTestNG.initAndRun(RemoteTestNG.java:236)
	at org.testng.remote.RemoteTestNG.main(RemoteTestNG.java:81)
]]>
    </error>
  </testcase> <!-- testlogin -->
</testsuite> <!-- org.amazon.testcases.TC001_ValidateLogin -->
