<?xml version="1.0" encoding="UTF-8"?>
<!-- Generated by org.testng.reporters.JUnitReportReporter -->
<testsuite hostname="BHI-L0167.local" name="org.amazon.testcases.TestAppium" tests="1" failures="0" timestamp="12 Aug 2020 06:53:53 GMT" time="12.399" errors="0">
  <testcase name="test" time="12.399" classname="org.amazon.testcases.TestAppium"/>
</testsuite> <!-- org.amazon.testcases.TestAppium -->
